2023-04-05 23:03:23.647  INFO 5684 --- [main] ru.rotar.FirstRestAppApplication         : Starting FirstRestAppApplication using Java 16.0.2 on DESKTOP-0IK1G9H with PID 5684 (C:\Users\Михаил\IdeaProjects\FirstRestApp0Basic133\target\classes started by Михаил in C:\Users\Михаил\IdeaProjects\FirstRestApp0Basic133)
2023-04-05 23:03:23.649  INFO 5684 --- [main] ru.rotar.FirstRestAppApplication         : No active profile set, falling back to default profiles: default
2023-04-05 23:03:24.309  INFO 5684 --- [main] .s.d.r.c.RepositoryConfigurationDelegate : Bootstrapping Spring Data JPA repositories in DEFAULT mode.
2023-04-05 23:03:24.352  INFO 5684 --- [main] .s.d.r.c.RepositoryConfigurationDelegate : Finished Spring Data repository scanning in 36 ms. Found 1 JPA repository interfaces.
2023-04-05 23:03:24.744  INFO 5684 --- [main] o.s.b.w.embedded.tomcat.TomcatWebServer  : Tomcat initialized with port(s): 8080 (http)
2023-04-05 23:03:24.753  INFO 5684 --- [main] o.apache.catalina.core.StandardService   : Starting service [Tomcat]
2023-04-05 23:03:24.753  INFO 5684 --- [main] org.apache.catalina.core.StandardEngine  : Starting Servlet engine: [Apache Tomcat/9.0.50]
2023-04-05 23:03:24.870  INFO 5684 --- [main] o.a.c.c.C.[Tomcat].[localhost].[/]       : Initializing Spring embedded WebApplicationContext
2023-04-05 23:03:24.871  INFO 5684 --- [main] w.s.c.ServletWebServerApplicationContext : Root WebApplicationContext: initialization completed in 1174 ms
2023-04-05 23:03:24.979  INFO 5684 --- [main] com.zaxxer.hikari.HikariDataSource       : HikariPool-1 - Starting...
2023-04-05 23:03:25.124  INFO 5684 --- [main] com.zaxxer.hikari.HikariDataSource       : HikariPool-1 - Start completed.
2023-04-05 23:03:25.164  INFO 5684 --- [main] o.hibernate.jpa.internal.util.LogHelper  : HHH000204: Processing PersistenceUnitInfo [name: default]
2023-04-05 23:03:25.199  INFO 5684 --- [main] org.hibernate.Version                    : HHH000412: Hibernate ORM core version 5.4.32.Final
2023-04-05 23:03:25.299  INFO 5684 --- [main] o.hibernate.annotations.common.Version   : HCANN000001: Hibernate Commons Annotations {5.1.2.Final}
2023-04-05 23:03:25.385  INFO 5684 --- [main] org.hibernate.dialect.Dialect            : HHH000400: Using dialect: org.hibernate.dialect.PostgreSQLDialect
2023-04-05 23:03:25.927  INFO 5684 --- [main] o.h.e.t.j.p.i.JtaPlatformInitiator       : HHH000490: Using JtaPlatform implementation: [org.hibernate.engine.transaction.jta.platform.internal.NoJtaPlatform]
2023-04-05 23:03:25.936  INFO 5684 --- [main] j.LocalContainerEntityManagerFactoryBean : Initialized JPA EntityManagerFactory for persistence unit 'default'
2023-04-05 23:03:26.186  WARN 5684 --- [main] JpaBaseConfiguration$JpaWebConfiguration : spring.jpa.open-in-view is enabled by default. Therefore, database queries may be performed during view rendering. Explicitly configure spring.jpa.open-in-view to disable this warning
2023-04-05 23:03:26.381  WARN 5684 --- [main] ion$DefaultTemplateResolverConfiguration : Cannot find template location: classpath:/templates/ (please add some templates or check your Thymeleaf configuration)
2023-04-05 23:03:26.545  INFO 5684 --- [main] o.s.b.w.embedded.tomcat.TomcatWebServer  : Tomcat started on port(s): 8080 (http) with context path ''
2023-04-05 23:03:26.557  INFO 5684 --- [main] ru.rotar.FirstRestAppApplication         : Started FirstRestAppApplication in 3.368 seconds (JVM running for 4.339)
2023-04-05 23:03:42.923  INFO 5684 --- [SpringApplicationShutdownHook] j.LocalContainerEntityManagerFactoryBean : Closing JPA EntityManagerFactory for persistence unit 'default'
2023-04-05 23:03:42.927  INFO 5684 --- [SpringApplicationShutdownHook] com.zaxxer.hikari.HikariDataSource       : HikariPool-1 - Shutdown initiated...
2023-04-05 23:03:42.932  INFO 5684 --- [SpringApplicationShutdownHook] com.zaxxer.hikari.HikariDataSource       : HikariPool-1 - Shutdown completed.
